<?xml version="1.0" encoding="UTF-8"?>
<!-- Generated by org.testng.reporters.JUnitXMLReporter -->
<testsuite hostname="RSI1532" ignored="0" name="ProjetoLoja" tests="6" failures="1" timestamp="17 jan 2020 13:44:15 GMT" time="54.104" errors="0">
  <testcase name="validRegister" time="15.11" classname="br.com.rsinet.hub_tdd.automationRun.Register_TC">
    <failure type="org.openqa.selenium.TimeoutException" message="Expected condition failed: waiting for text (&amp;apos;CelsoEroE&amp;apos;) to be present in element [[ChromeDriver: chrome on XP (44adec24b7adc24e26f24e6f1ac2bc5e)] -&amp;gt; xpath: //*[@id=&amp;quot;menuUserLink&amp;quot;]/span] (tried for 10 second(s) with 500 milliseconds interval)
Build info: version: &amp;apos;3.141.59&amp;apos;, revision: &amp;apos;e82be7d358&amp;apos;, time: &amp;apos;2018-11-14T08:17:03&amp;apos;
System info: host: &amp;apos;RSI1532&amp;apos;, ip: &amp;apos;10.1.0.114&amp;apos;, os.name: &amp;apos;Windows 10&amp;apos;, os.arch: &amp;apos;amd64&amp;apos;, os.version: &amp;apos;10.0&amp;apos;, java.version: &amp;apos;1.8.0_231&amp;apos;
Driver info: org.openqa.selenium.chrome.ChromeDriver
Capabilities {acceptInsecureCerts: false, browserName: chrome, browserVersion: 79.0.3945.117, chrome: {chromedriverVersion: 78.0.3904.70 (edb9c9f3de024..., userDataDir: C:\Users\CELSO~1.SIL\AppDat...}, goog:chromeOptions: {debuggerAddress: localhost:59103}, javascriptEnabled: true, networkConnectionEnabled: false, pageLoadStrategy: normal, platform: XP, platformName: XP, proxy: Proxy(), setWindowRect: true, strictFileInteractability: false, timeouts: {implicit: 0, pageLoad: 300000, script: 30000}, unhandledPromptBehavior: dismiss and notify}
Session ID: 44adec24b7adc24e26f24e6f1ac2bc5e">
      <![CDATA[org.openqa.selenium.TimeoutException: Expected condition failed: waiting for text ('CelsoEroE') to be present in element [[ChromeDriver: chrome on XP (44adec24b7adc24e26f24e6f1ac2bc5e)] -> xpath: //*[@id="menuUserLink"]/span] (tried for 10 second(s) with 500 milliseconds interval)
Build info: version: '3.141.59', revision: 'e82be7d358', time: '2018-11-14T08:17:03'
System info: host: 'RSI1532', ip: '10.1.0.114', os.name: 'Windows 10', os.arch: 'amd64', os.version: '10.0', java.version: '1.8.0_231'
Driver info: org.openqa.selenium.chrome.ChromeDriver
Capabilities {acceptInsecureCerts: false, browserName: chrome, browserVersion: 79.0.3945.117, chrome: {chromedriverVersion: 78.0.3904.70 (edb9c9f3de024..., userDataDir: C:\Users\CELSO~1.SIL\AppDat...}, goog:chromeOptions: {debuggerAddress: localhost:59103}, javascriptEnabled: true, networkConnectionEnabled: false, pageLoadStrategy: normal, platform: XP, platformName: XP, proxy: Proxy(), setWindowRect: true, strictFileInteractability: false, timeouts: {implicit: 0, pageLoad: 300000, script: 30000}, unhandledPromptBehavior: dismiss and notify}
Session ID: 44adec24b7adc24e26f24e6f1ac2bc5e
at org.openqa.selenium.support.ui.WebDriverWait.timeoutException(WebDriverWait.java:95)
at org.openqa.selenium.support.ui.FluentWait.until(FluentWait.java:272)
at br.com.rsinet.hub_tdd.appModules.Register_Action.ExecuteValid(Register_Action.java:52)
at br.com.rsinet.hub_tdd.automationRun.Register_TC.validRegister(Register_TC.java:30)
... Removed 25 stack frames]]>
    </failure>
  </testcase> <!-- validRegister -->
  <testcase name="invalidRegister" time="3.732" classname="br.com.rsinet.hub_tdd.automationRun.Register_TC"/>
  <testcase name="clickSearch" time="5.52" classname="br.com.rsinet.hub_tdd.automationRun.Search_TC"/>
  <testcase name="clickSearchInvalid" time="3.433" classname="br.com.rsinet.hub_tdd.automationRun.Search_TC"/>
  <testcase name="txtSearch" time="3.131" classname="br.com.rsinet.hub_tdd.automationRun.Search_TC"/>
  <testcase name="invalidTxtSearch" time="1.99" classname="br.com.rsinet.hub_tdd.automationRun.Search_TC"/>
</testsuite> <!-- ProjetoLoja -->
