<?xml version="1.0" encoding="UTF-8"?>
<!-- Generated by org.testng.reporters.JUnitXMLReporter -->
<testsuite hostname="RSI1532" ignored="0" name="ProjetoLoja" tests="5" failures="0" timestamp="15 jan 2020 14:30:41 GMT" time="51.301" errors="0">
  <testcase name="validRegister" time="8.732" classname="br.com.rsinet.hub_tdd.automationRun.Register_TC"/>
  <testcase name="invalidRegister" time="6.661" classname="br.com.rsinet.hub_tdd.automationRun.Register_TC"/>
  <testcase name="clickSearch" time="6.543" classname="br.com.rsinet.hub_tdd.automationRun.Search_TC"/>
  <testcase name="txtSearch" time="4.025" classname="br.com.rsinet.hub_tdd.automationRun.Search_TC"/>
  <testcase name="invalidTxtSearch" time="2.708" classname="br.com.rsinet.hub_tdd.automationRun.Search_TC"/>
</testsuite> <!-- ProjetoLoja -->
