<html>
<head>
<title>TestNG:  ProjetoLoja</title>
<link href="../testng.css" rel="stylesheet" type="text/css" />
<link href="../my-testng.css" rel="stylesheet" type="text/css" />

<style type="text/css">
.log { display: none;} 
.stack-trace { display: none;} 
</style>
<script type="text/javascript">
<!--
function flip(e) {
  current = e.style.display;
  if (current == 'block') {
    e.style.display = 'none';
    return 0;
  }
  else {
    e.style.display = 'block';
    return 1;
  }
}

function toggleBox(szDivId, elem, msg1, msg2)
{
  var res = -1;  if (document.getElementById) {
    res = flip(document.getElementById(szDivId));
  }
  else if (document.all) {
    // this is the way old msie versions work
    res = flip(document.all[szDivId]);
  }
  if(elem) {
    if(res == 0) elem.innerHTML = msg1; else elem.innerHTML = msg2;
  }

}

function toggleAllBoxes() {
  if (document.getElementsByTagName) {
    d = document.getElementsByTagName('div');
    for (i = 0; i < d.length; i++) {
      if (d[i].className == 'log') {
        flip(d[i]);
      }
    }
  }
}

// -->
</script>

</head>
<body>
<h2 align='center'>ProjetoLoja</h2><table border='1' align="center">
<tr>
<td>Tests passed/Failed/Skipped:</td><td>5/1/0</td>
</tr><tr>
<td>Started on:</td><td>Mon Jan 27 15:46:53 BRT 2020</td>
</tr>
<tr><td>Total time:</td><td>60 seconds (60150 ms)</td>
</tr><tr>
<td>Included groups:</td><td></td>
</tr><tr>
<td>Excluded groups:</td><td></td>
</tr>
</table><p/>
<small><i>(Hover the method name to see the test class name)</i></small><p/>
<table width='100%' border='1' class='invocation-failed'>
<tr><td colspan='4' align='center'><b>FAILED TESTS</b></td></tr>
<tr><td><b>Test method</b></td>
<td width="30%"><b>Exception</b></td>
<td width="10%"><b>Time (seconds)</b></td>
<td><b>Instance</b></td>
</tr>
<tr>
<td title='br.com.rsinet.hub_tdd.automationRun.Register_TC.validRegister()'><b>validRegister</b><br>Test class: br.com.rsinet.hub_tdd.automationRun.Register_TC<br/>
<a href="#Output-1732238286" onClick='toggleBox("Output-1732238286", this, "Show output", "Hide output");'>Show output</a>

<a href="#Output-1732238286" onClick="toggleAllBoxes();">Show all outputs</a>
<div class='log' id="Output-1732238286">
Acessando o endereço da loja<br/>
</div>
</td>
<td><div><pre>org.openqa.selenium.TimeoutException: Expected condition failed: waiting for text (&apos;Celso113&apos;) to be present in element [[ChromeDriver: chrome on XP (77da0fdefeb07df84fb84eafecdcb7cf)] -&gt; xpath: //*[@id=&quot;menuUserLink&quot;]/span] (tried for 10 second(s) with 500 milliseconds interval)
Build info: version: &apos;3.141.59&apos;, revision: &apos;e82be7d358&apos;, time: &apos;2018-11-14T08:17:03&apos;
System info: host: &apos;RSI1532&apos;, ip: &apos;10.1.0.114&apos;, os.name: &apos;Windows 10&apos;, os.arch: &apos;amd64&apos;, os.version: &apos;10.0&apos;, java.version: &apos;1.8.0_231&apos;
Driver info: org.openqa.selenium.chrome.ChromeDriver
Capabilities {acceptInsecureCerts: false, browserName: chrome, browserVersion: 79.0.3945.130, chrome: {chromedriverVersion: 78.0.3904.70 (edb9c9f3de024..., userDataDir: C:\Users\CELSO~1.SIL\AppDat...}, goog:chromeOptions: {debuggerAddress: localhost:64955}, javascriptEnabled: true, networkConnectionEnabled: false, pageLoadStrategy: normal, platform: XP, platformName: XP, proxy: Proxy(), setWindowRect: true, strictFileInteractability: false, timeouts: {implicit: 0, pageLoad: 300000, script: 30000}, unhandledPromptBehavior: dismiss and notify}
Session ID: 77da0fdefeb07df84fb84eafecdcb7cf
	at org.openqa.selenium.support.ui.WebDriverWait.timeoutException(WebDriverWait.java:95)
	at org.openqa.selenium.support.ui.FluentWait.until(FluentWait.java:272)
	at br.com.rsinet.hub_tdd.appModules.Register_Action.ExecuteValid(Register_Action.java:54)
	at br.com.rsinet.hub_tdd.automationRun.Register_TC.validRegister(Register_TC.java:30)
... Removed 25 stack frames</pre></div><a href='#' onClick='toggleBox("stack-trace1732238286", this, "Click to show all stack frames", "Click to hide stack frames")'>Click to show all stack frames</a>
<div class='stack-trace' id='stack-trace1732238286'><pre>org.openqa.selenium.TimeoutException: Expected condition failed: waiting for text (&apos;Celso113&apos;) to be present in element [[ChromeDriver: chrome on XP (77da0fdefeb07df84fb84eafecdcb7cf)] -&gt; xpath: //*[@id=&quot;menuUserLink&quot;]/span] (tried for 10 second(s) with 500 milliseconds interval)
Build info: version: &apos;3.141.59&apos;, revision: &apos;e82be7d358&apos;, time: &apos;2018-11-14T08:17:03&apos;
System info: host: &apos;RSI1532&apos;, ip: &apos;10.1.0.114&apos;, os.name: &apos;Windows 10&apos;, os.arch: &apos;amd64&apos;, os.version: &apos;10.0&apos;, java.version: &apos;1.8.0_231&apos;
Driver info: org.openqa.selenium.chrome.ChromeDriver
Capabilities {acceptInsecureCerts: false, browserName: chrome, browserVersion: 79.0.3945.130, chrome: {chromedriverVersion: 78.0.3904.70 (edb9c9f3de024..., userDataDir: C:\Users\CELSO~1.SIL\AppDat...}, goog:chromeOptions: {debuggerAddress: localhost:64955}, javascriptEnabled: true, networkConnectionEnabled: false, pageLoadStrategy: normal, platform: XP, platformName: XP, proxy: Proxy(), setWindowRect: true, strictFileInteractability: false, timeouts: {implicit: 0, pageLoad: 300000, script: 30000}, unhandledPromptBehavior: dismiss and notify}
Session ID: 77da0fdefeb07df84fb84eafecdcb7cf
	at org.openqa.selenium.support.ui.WebDriverWait.timeoutException(WebDriverWait.java:95)
	at org.openqa.selenium.support.ui.FluentWait.until(FluentWait.java:272)
	at br.com.rsinet.hub_tdd.appModules.Register_Action.ExecuteValid(Register_Action.java:54)
	at br.com.rsinet.hub_tdd.automationRun.Register_TC.validRegister(Register_TC.java:30)
	at sun.reflect.NativeMethodAccessorImpl.invoke0(Native Method)
	at sun.reflect.NativeMethodAccessorImpl.invoke(NativeMethodAccessorImpl.java:62)
	at sun.reflect.DelegatingMethodAccessorImpl.invoke(DelegatingMethodAccessorImpl.java:43)
	at java.lang.reflect.Method.invoke(Method.java:498)
	at org.testng.internal.MethodInvocationHelper.invokeMethod(MethodInvocationHelper.java:124)
	at org.testng.internal.Invoker.invokeMethod(Invoker.java:583)
	at org.testng.internal.Invoker.invokeTestMethod(Invoker.java:719)
	at org.testng.internal.Invoker.invokeTestMethods(Invoker.java:989)
	at org.testng.internal.TestMethodWorker.invokeTestMethods(TestMethodWorker.java:125)
	at org.testng.internal.TestMethodWorker.run(TestMethodWorker.java:109)
	at org.testng.TestRunner.privateRun(TestRunner.java:648)
	at org.testng.TestRunner.run(TestRunner.java:505)
	at org.testng.SuiteRunner.runTest(SuiteRunner.java:455)
	at org.testng.SuiteRunner.runSequentially(SuiteRunner.java:450)
	at org.testng.SuiteRunner.privateRun(SuiteRunner.java:415)
	at org.testng.SuiteRunner.run(SuiteRunner.java:364)
	at org.testng.SuiteRunnerWorker.runSuite(SuiteRunnerWorker.java:52)
	at org.testng.SuiteRunnerWorker.run(SuiteRunnerWorker.java:84)
	at org.testng.TestNG.runSuitesSequentially(TestNG.java:1208)
	at org.testng.TestNG.runSuitesLocally(TestNG.java:1137)
	at org.testng.TestNG.runSuites(TestNG.java:1049)
	at org.testng.TestNG.run(TestNG.java:1017)
	at org.testng.remote.AbstractRemoteTestNG.run(AbstractRemoteTestNG.java:115)
	at org.testng.remote.RemoteTestNG.initAndRun(RemoteTestNG.java:251)
	at org.testng.remote.RemoteTestNG.main(RemoteTestNG.java:77)
</pre></div></td>
<td>17</td>
<td>br.com.rsinet.hub_tdd.automationRun.Register_TC@6f7fd0e6</td></tr>
</table><p>
<table width='100%' border='1' class='invocation-passed'>
<tr><td colspan='4' align='center'><b>PASSED TESTS</b></td></tr>
<tr><td><b>Test method</b></td>
<td width="30%"><b>Exception</b></td>
<td width="10%"><b>Time (seconds)</b></td>
<td><b>Instance</b></td>
</tr>
<tr>
<td title='br.com.rsinet.hub_tdd.automationRun.Search_TC.clickSearch()'><b>clickSearch</b><br>Test class: br.com.rsinet.hub_tdd.automationRun.Search_TC<br/>
<a href="#Output-1460126155" onClick='toggleBox("Output-1460126155", this, "Show output", "Hide output");'>Show output</a>

<a href="#Output-1460126155" onClick="toggleAllBoxes();">Show all outputs</a>
<div class='log' id="Output-1460126155">
Acessando o endereço da loja<br/>
Executando o teste válido da pesquisa por clicks<br/>
Tirando print da página final<br/>
</div>
</td>
<td></td>
<td>5</td>
<td>br.com.rsinet.hub_tdd.automationRun.Search_TC@47c62251</td></tr>
<tr>
<td title='br.com.rsinet.hub_tdd.automationRun.Search_TC.clickSearchInvalid()'><b>clickSearchInvalid</b><br>Test class: br.com.rsinet.hub_tdd.automationRun.Search_TC<br/>
<a href="#Output-577245010" onClick='toggleBox("Output-577245010", this, "Show output", "Hide output");'>Show output</a>

<a href="#Output-577245010" onClick="toggleAllBoxes();">Show all outputs</a>
<div class='log' id="Output-577245010">
Acessando o endereço da loja<br/>
Executando o teste inválido da pesquisa por clicks<br/>
Tirando print da página final<br/>
</div>
</td>
<td></td>
<td>3</td>
<td>br.com.rsinet.hub_tdd.automationRun.Search_TC@47c62251</td></tr>
<tr>
<td title='br.com.rsinet.hub_tdd.automationRun.Register_TC.invalidRegister()'><b>invalidRegister</b><br>Test class: br.com.rsinet.hub_tdd.automationRun.Register_TC<br/>
<a href="#Output-833474933" onClick='toggleBox("Output-833474933", this, "Show output", "Hide output");'>Show output</a>

<a href="#Output-833474933" onClick="toggleAllBoxes();">Show all outputs</a>
<div class='log' id="Output-833474933">
Acessando o endereço da loja<br/>
Executando o teste inválido do registro<br/>
Verificando se a página final é a cadastro para cadastros com falha<br/>
Tirando o print da página final<br/>
</div>
</td>
<td></td>
<td>6</td>
<td>br.com.rsinet.hub_tdd.automationRun.Register_TC@6f7fd0e6</td></tr>
<tr>
<td title='br.com.rsinet.hub_tdd.automationRun.Search_TC.invalidTxtSearch()'><b>invalidTxtSearch</b><br>Test class: br.com.rsinet.hub_tdd.automationRun.Search_TC<br/>
<a href="#Output-1539038539" onClick='toggleBox("Output-1539038539", this, "Show output", "Hide output");'>Show output</a>

<a href="#Output-1539038539" onClick="toggleAllBoxes();">Show all outputs</a>
<div class='log' id="Output-1539038539">
Acessando o endereço da loja<br/>
Executando o teste inválido da pesquisa por texto<br/>
Verificando se o produto buscado é inválido<br/>
Tirando print da página final<br/>
</div>
</td>
<td></td>
<td>2</td>
<td>br.com.rsinet.hub_tdd.automationRun.Search_TC@47c62251</td></tr>
<tr>
<td title='br.com.rsinet.hub_tdd.automationRun.Search_TC.txtSearch()'><b>txtSearch</b><br>Test class: br.com.rsinet.hub_tdd.automationRun.Search_TC<br/>
<a href="#Output-626626764" onClick='toggleBox("Output-626626764", this, "Show output", "Hide output");'>Show output</a>

<a href="#Output-626626764" onClick="toggleAllBoxes();">Show all outputs</a>
<div class='log' id="Output-626626764">
Acessando o endereço da loja<br/>
Executando o teste válido da pesquisa por texto<br/>
Verificando se o produto buscado é o mesmo na massa de dados<br/>
Tirando o print da página final<br/>
</div>
</td>
<td></td>
<td>3</td>
<td>br.com.rsinet.hub_tdd.automationRun.Search_TC@47c62251</td></tr>
</table><p>
</body>
</html>