<?xml version="1.0" encoding="UTF-8"?>
<!-- Generated by org.testng.reporters.JUnitXMLReporter -->
<testsuite hostname="RSI1532" ignored="0" name="Default test" tests="4" failures="0" timestamp="16 jan 2020 16:01:25 GMT" time="27.664" errors="0">
  <testcase name="clickSearch" time="7.453" classname="br.com.rsinet.hub_tdd.automationRun.Search_TC"/>
  <testcase name="clickSearchInvalid" time="3.791" classname="br.com.rsinet.hub_tdd.automationRun.Search_TC"/>
  <testcase name="txtSearch" time="3.716" classname="br.com.rsinet.hub_tdd.automationRun.Search_TC"/>
  <testcase name="invalidTxtSearch" time="2.028" classname="br.com.rsinet.hub_tdd.automationRun.Search_TC"/>
</testsuite> <!-- Default test -->
