<?xml version="1.0" encoding="UTF-8"?>
<testng-results skipped="0" failed="1" ignored="0" total="6" passed="5">
  <reporter-output>
    <line>
      <![CDATA[Abrindo o Chrome Browser]]>
    </line>
    <line>
      <![CDATA[Acessando o endereço da loja]]>
    </line>
    <line>
      <![CDATA[Acessando o endereço da loja]]>
    </line>
    <line>
      <![CDATA[Executando o teste inválido do registro]]>
    </line>
    <line>
      <![CDATA[Verificando se a página final é a cadastro para cadastros com falha]]>
    </line>
    <line>
      <![CDATA[Tirando o print da página final]]>
    </line>
    <line>
      <![CDATA[Saindo do Chrome]]>
    </line>
    <line>
      <![CDATA[Acessando o endereço da loja]]>
    </line>
    <line>
      <![CDATA[Executando o teste válido da pesquisa por clicks]]>
    </line>
    <line>
      <![CDATA[Tirando print da página final]]>
    </line>
    <line>
      <![CDATA[Acessando o endereço da loja]]>
    </line>
    <line>
      <![CDATA[Executando o teste inválido da pesquisa por clicks]]>
    </line>
    <line>
      <![CDATA[Tirando print da página final]]>
    </line>
    <line>
      <![CDATA[Acessando o endereço da loja]]>
    </line>
    <line>
      <![CDATA[Executando o teste válido da pesquisa por texto]]>
    </line>
    <line>
      <![CDATA[Verificando se o produto buscado é o mesmo na massa de dados]]>
    </line>
    <line>
      <![CDATA[Tirando o print da página final]]>
    </line>
    <line>
      <![CDATA[Acessando o endereço da loja]]>
    </line>
    <line>
      <![CDATA[Executando o teste inválido da pesquisa por texto]]>
    </line>
    <line>
      <![CDATA[Verificando se o produto buscado é inválido]]>
    </line>
    <line>
      <![CDATA[Tirando print da página final]]>
    </line>
    <line>
      <![CDATA[Inserindo na massa se o teste passou]]>
    </line>
    <line>
      <![CDATA[Saindo do Chrome]]>
    </line>
  </reporter-output>
  <suite name="Test - TDD" duration-ms="60150" started-at="2020-01-27T18:46:53Z" finished-at="2020-01-27T18:47:53Z">
    <groups>
      <group name="Cadastro">
        <method signature="Register_TC.invalidRegister()[pri:1, instance:br.com.rsinet.hub_tdd.automationRun.Register_TC@6f7fd0e6]" name="invalidRegister" class="br.com.rsinet.hub_tdd.automationRun.Register_TC"/>
        <method signature="Register_TC.validRegister()[pri:0, instance:br.com.rsinet.hub_tdd.automationRun.Register_TC@6f7fd0e6]" name="validRegister" class="br.com.rsinet.hub_tdd.automationRun.Register_TC"/>
      </group> <!-- Cadastro -->
      <group name="Pesquisa">
        <method signature="Search_TC.clickSearch()[pri:2, instance:br.com.rsinet.hub_tdd.automationRun.Search_TC@47c62251]" name="clickSearch" class="br.com.rsinet.hub_tdd.automationRun.Search_TC"/>
        <method signature="Search_TC.clickSearchInvalid()[pri:3, instance:br.com.rsinet.hub_tdd.automationRun.Search_TC@47c62251]" name="clickSearchInvalid" class="br.com.rsinet.hub_tdd.automationRun.Search_TC"/>
        <method signature="Search_TC.invalidTxtSearch()[pri:5, instance:br.com.rsinet.hub_tdd.automationRun.Search_TC@47c62251]" name="invalidTxtSearch" class="br.com.rsinet.hub_tdd.automationRun.Search_TC"/>
        <method signature="Search_TC.txtSearch()[pri:4, instance:br.com.rsinet.hub_tdd.automationRun.Search_TC@47c62251]" name="txtSearch" class="br.com.rsinet.hub_tdd.automationRun.Search_TC"/>
      </group> <!-- Pesquisa -->
    </groups>
    <test name="ProjetoLoja" duration-ms="60150" started-at="2020-01-27T18:46:53Z" finished-at="2020-01-27T18:47:53Z">
      <class name="br.com.rsinet.hub_tdd.automationRun.Register_TC">
        <test-method status="PASS" signature="openBrowser()[pri:0, instance:br.com.rsinet.hub_tdd.automationRun.Register_TC@6f7fd0e6]" name="openBrowser" is-config="true" duration-ms="10326" started-at="2020-01-27T18:46:53Z" finished-at="2020-01-27T18:47:03Z">
          <reporter-output>
            <line>
              <![CDATA[Abrindo o Chrome Browser]]>
            </line>
          </reporter-output>
        </test-method> <!-- openBrowser -->
        <test-method status="FAIL" signature="validRegister()[pri:0, instance:br.com.rsinet.hub_tdd.automationRun.Register_TC@6f7fd0e6]" name="validRegister" duration-ms="17211" started-at="2020-01-27T18:47:04Z" finished-at="2020-01-27T18:47:21Z">
          <exception class="org.openqa.selenium.TimeoutException">
            <message>
              <![CDATA[Expected condition failed: waiting for text ('Celso113') to be present in element [[ChromeDriver: chrome on XP (77da0fdefeb07df84fb84eafecdcb7cf)] -> xpath: //*[@id="menuUserLink"]/span] (tried for 10 second(s) with 500 milliseconds interval)
Build info: version: '3.141.59', revision: 'e82be7d358', time: '2018-11-14T08:17:03'
System info: host: 'RSI1532', ip: '10.1.0.114', os.name: 'Windows 10', os.arch: 'amd64', os.version: '10.0', java.version: '1.8.0_231'
Driver info: org.openqa.selenium.chrome.ChromeDriver
Capabilities {acceptInsecureCerts: false, browserName: chrome, browserVersion: 79.0.3945.130, chrome: {chromedriverVersion: 78.0.3904.70 (edb9c9f3de024..., userDataDir: C:\Users\CELSO~1.SIL\AppDat...}, goog:chromeOptions: {debuggerAddress: localhost:64955}, javascriptEnabled: true, networkConnectionEnabled: false, pageLoadStrategy: normal, platform: XP, platformName: XP, proxy: Proxy(), setWindowRect: true, strictFileInteractability: false, timeouts: {implicit: 0, pageLoad: 300000, script: 30000}, unhandledPromptBehavior: dismiss and notify}
Session ID: 77da0fdefeb07df84fb84eafecdcb7cf]]>
            </message>
            <full-stacktrace>
              <![CDATA[org.openqa.selenium.TimeoutException: Expected condition failed: waiting for text ('Celso113') to be present in element [[ChromeDriver: chrome on XP (77da0fdefeb07df84fb84eafecdcb7cf)] -> xpath: //*[@id="menuUserLink"]/span] (tried for 10 second(s) with 500 milliseconds interval)
Build info: version: '3.141.59', revision: 'e82be7d358', time: '2018-11-14T08:17:03'
System info: host: 'RSI1532', ip: '10.1.0.114', os.name: 'Windows 10', os.arch: 'amd64', os.version: '10.0', java.version: '1.8.0_231'
Driver info: org.openqa.selenium.chrome.ChromeDriver
Capabilities {acceptInsecureCerts: false, browserName: chrome, browserVersion: 79.0.3945.130, chrome: {chromedriverVersion: 78.0.3904.70 (edb9c9f3de024..., userDataDir: C:\Users\CELSO~1.SIL\AppDat...}, goog:chromeOptions: {debuggerAddress: localhost:64955}, javascriptEnabled: true, networkConnectionEnabled: false, pageLoadStrategy: normal, platform: XP, platformName: XP, proxy: Proxy(), setWindowRect: true, strictFileInteractability: false, timeouts: {implicit: 0, pageLoad: 300000, script: 30000}, unhandledPromptBehavior: dismiss and notify}
Session ID: 77da0fdefeb07df84fb84eafecdcb7cf
at org.openqa.selenium.support.ui.WebDriverWait.timeoutException(WebDriverWait.java:95)
at org.openqa.selenium.support.ui.FluentWait.until(FluentWait.java:272)
at br.com.rsinet.hub_tdd.appModules.Register_Action.ExecuteValid(Register_Action.java:54)
at br.com.rsinet.hub_tdd.automationRun.Register_TC.validRegister(Register_TC.java:30)
at sun.reflect.NativeMethodAccessorImpl.invoke0(Native Method)
at sun.reflect.NativeMethodAccessorImpl.invoke(NativeMethodAccessorImpl.java:62)
at sun.reflect.DelegatingMethodAccessorImpl.invoke(DelegatingMethodAccessorImpl.java:43)
at java.lang.reflect.Method.invoke(Method.java:498)
at org.testng.internal.MethodInvocationHelper.invokeMethod(MethodInvocationHelper.java:124)
at org.testng.internal.Invoker.invokeMethod(Invoker.java:583)
at org.testng.internal.Invoker.invokeTestMethod(Invoker.java:719)
at org.testng.internal.Invoker.invokeTestMethods(Invoker.java:989)
at org.testng.internal.TestMethodWorker.invokeTestMethods(TestMethodWorker.java:125)
at org.testng.internal.TestMethodWorker.run(TestMethodWorker.java:109)
at org.testng.TestRunner.privateRun(TestRunner.java:648)
at org.testng.TestRunner.run(TestRunner.java:505)
at org.testng.SuiteRunner.runTest(SuiteRunner.java:455)
at org.testng.SuiteRunner.runSequentially(SuiteRunner.java:450)
at org.testng.SuiteRunner.privateRun(SuiteRunner.java:415)
at org.testng.SuiteRunner.run(SuiteRunner.java:364)
at org.testng.SuiteRunnerWorker.runSuite(SuiteRunnerWorker.java:52)
at org.testng.SuiteRunnerWorker.run(SuiteRunnerWorker.java:84)
at org.testng.TestNG.runSuitesSequentially(TestNG.java:1208)
at org.testng.TestNG.runSuitesLocally(TestNG.java:1137)
at org.testng.TestNG.runSuites(TestNG.java:1049)
at org.testng.TestNG.run(TestNG.java:1017)
at org.testng.remote.AbstractRemoteTestNG.run(AbstractRemoteTestNG.java:115)
at org.testng.remote.RemoteTestNG.initAndRun(RemoteTestNG.java:251)
at org.testng.remote.RemoteTestNG.main(RemoteTestNG.java:77)
]]>
            </full-stacktrace>
          </exception> <!-- org.openqa.selenium.TimeoutException -->
          <reporter-output>
            <line>
              <![CDATA[Acessando o endereço da loja]]>
            </line>
          </reporter-output>
        </test-method> <!-- validRegister -->
        <test-method status="PASS" signature="invalidRegister()[pri:1, instance:br.com.rsinet.hub_tdd.automationRun.Register_TC@6f7fd0e6]" name="invalidRegister" duration-ms="6283" started-at="2020-01-27T18:47:21Z" finished-at="2020-01-27T18:47:27Z">
          <reporter-output>
            <line>
              <![CDATA[Acessando o endereço da loja]]>
            </line>
            <line>
              <![CDATA[Executando o teste inválido do registro]]>
            </line>
            <line>
              <![CDATA[Verificando se a página final é a cadastro para cadastros com falha]]>
            </line>
            <line>
              <![CDATA[Tirando o print da página final]]>
            </line>
          </reporter-output>
        </test-method> <!-- invalidRegister -->
        <test-method status="PASS" signature="closeBrowser()[pri:0, instance:br.com.rsinet.hub_tdd.automationRun.Register_TC@6f7fd0e6]" name="closeBrowser" is-config="true" duration-ms="654" started-at="2020-01-27T18:47:27Z" finished-at="2020-01-27T18:47:28Z">
          <reporter-output>
            <line>
              <![CDATA[Saindo do Chrome]]>
            </line>
          </reporter-output>
        </test-method> <!-- closeBrowser -->
      </class> <!-- br.com.rsinet.hub_tdd.automationRun.Register_TC -->
      <class name="br.com.rsinet.hub_tdd.automationRun.Search_TC">
        <test-method status="PASS" signature="openBrowser()[pri:0, instance:br.com.rsinet.hub_tdd.automationRun.Search_TC@47c62251]" name="openBrowser" is-config="true" duration-ms="9654" started-at="2020-01-27T18:47:28Z" finished-at="2020-01-27T18:47:37Z">
          <reporter-output>
          </reporter-output>
        </test-method> <!-- openBrowser -->
        <test-method status="PASS" signature="clickSearch()[pri:2, instance:br.com.rsinet.hub_tdd.automationRun.Search_TC@47c62251]" name="clickSearch" duration-ms="5665" started-at="2020-01-27T18:47:37Z" finished-at="2020-01-27T18:47:43Z">
          <reporter-output>
            <line>
              <![CDATA[Acessando o endereço da loja]]>
            </line>
            <line>
              <![CDATA[Executando o teste válido da pesquisa por clicks]]>
            </line>
            <line>
              <![CDATA[Tirando print da página final]]>
            </line>
          </reporter-output>
        </test-method> <!-- clickSearch -->
        <test-method status="PASS" signature="clickSearchInvalid()[pri:3, instance:br.com.rsinet.hub_tdd.automationRun.Search_TC@47c62251]" name="clickSearchInvalid" duration-ms="3716" started-at="2020-01-27T18:47:43Z" finished-at="2020-01-27T18:47:47Z">
          <reporter-output>
            <line>
              <![CDATA[Acessando o endereço da loja]]>
            </line>
            <line>
              <![CDATA[Executando o teste inválido da pesquisa por clicks]]>
            </line>
            <line>
              <![CDATA[Tirando print da página final]]>
            </line>
          </reporter-output>
        </test-method> <!-- clickSearchInvalid -->
        <test-method status="PASS" signature="txtSearch()[pri:4, instance:br.com.rsinet.hub_tdd.automationRun.Search_TC@47c62251]" name="txtSearch" duration-ms="3516" started-at="2020-01-27T18:47:47Z" finished-at="2020-01-27T18:47:50Z">
          <reporter-output>
            <line>
              <![CDATA[Acessando o endereço da loja]]>
            </line>
            <line>
              <![CDATA[Executando o teste válido da pesquisa por texto]]>
            </line>
            <line>
              <![CDATA[Verificando se o produto buscado é o mesmo na massa de dados]]>
            </line>
            <line>
              <![CDATA[Tirando o print da página final]]>
            </line>
          </reporter-output>
        </test-method> <!-- txtSearch -->
        <test-method status="PASS" signature="invalidTxtSearch()[pri:5, instance:br.com.rsinet.hub_tdd.automationRun.Search_TC@47c62251]" name="invalidTxtSearch" duration-ms="2261" started-at="2020-01-27T18:47:50Z" finished-at="2020-01-27T18:47:52Z">
          <reporter-output>
            <line>
              <![CDATA[Acessando o endereço da loja]]>
            </line>
            <line>
              <![CDATA[Executando o teste inválido da pesquisa por texto]]>
            </line>
            <line>
              <![CDATA[Verificando se o produto buscado é inválido]]>
            </line>
            <line>
              <![CDATA[Tirando print da página final]]>
            </line>
          </reporter-output>
        </test-method> <!-- invalidTxtSearch -->
        <test-method status="PASS" signature="closeBrowser()[pri:0, instance:br.com.rsinet.hub_tdd.automationRun.Search_TC@47c62251]" name="closeBrowser" is-config="true" duration-ms="825" started-at="2020-01-27T18:47:52Z" finished-at="2020-01-27T18:47:53Z">
          <reporter-output>
            <line>
              <![CDATA[Inserindo na massa se o teste passou]]>
            </line>
            <line>
              <![CDATA[Saindo do Chrome]]>
            </line>
          </reporter-output>
        </test-method> <!-- closeBrowser -->
      </class> <!-- br.com.rsinet.hub_tdd.automationRun.Search_TC -->
    </test> <!-- ProjetoLoja -->
  </suite> <!-- Test - TDD -->
</testng-results>
